<?xml version="1.0" encoding="UTF-8"?>
<!-- Generated by org.testng.reporters.JUnitReportReporter -->
<testsuite hostname="DESKTOP-FVKT4FL" failures="0" tests="3" name="com.crm.qa.testcases.ContactsPageTest" time="2.418" errors="1" timestamp="2019-10-13T15:24:55 IST" skipped="2">
  <testcase classname="com.crm.qa.testcases.ContactsPageTest" name="Setup" time="2.418">
    <error message="session not created: This version of ChromeDriver only supports Chrome version 75
Build info: version: &#039;3.141.59&#039;, revision: &#039;e82be7d358&#039;, time: &#039;2018-11-14T08:17:03&#039;
System info: host: &#039;DESKTOP-FVKT4FL&#039;, ip: &#039;192.168.0.33&#039;, os.name: &#039;Windows 10&#039;, os.arch: &#039;amd64&#039;, os.version: &#039;10.0&#039;, java.version: &#039;12.0.2&#039;
Driver info: driver.version: ChromeDriver
remote stacktrace: Backtrace:
	Ordinal0 [0x00AF1B43+1448771]
	Ordinal0 [0x00A75A31+940593]
	Ordinal0 [0x00A02293+467603]
	Ordinal0 [0x0099F27E+62078]
	Ordinal0 [0x0099BBBD+48061]
	Ordinal0 [0x009B8D09+167177]
	Ordinal0 [0x009B88DD+166109]
	Ordinal0 [0x009B6FEB+159723]
	Ordinal0 [0x009A09F6+68086]
	Ordinal0 [0x009A1990+72080]
	Ordinal0 [0x009A1929+71977]
	GetHandleVerifier [0x00C32E8C+1172172]
	GetHandleVerifier [0x00B8FE55+504469]
	GetHandleVerifier [0x00B8FBF0+503856]
	Ordinal0 [0x00AFC9C8+1493448]
	GetHandleVerifier [0x00B9062A+506474]
	Ordinal0 [0x00A87156+1012054]
	Ordinal0 [0x00A86FCF+1011663]
	Ordinal0 [0x00A9135B+1053531]
	Ordinal0 [0x00A914C3+1053891]
	Ordinal0 [0x00A904F5+1049845]
	BaseThreadInitThunk [0x77596359+25]
	RtlGetAppContainerNamedObjectPath [0x776D7B74+228]
	RtlGetAppContainerNamedObjectPath [0x776D7B44+180]
" type="org.openqa.selenium.SessionNotCreatedException">
      <![CDATA[org.openqa.selenium.SessionNotCreatedException: session not created: This version of ChromeDriver only supports Chrome version 75
Build info: version: '3.141.59', revision: 'e82be7d358', time: '2018-11-14T08:17:03'
System info: host: 'DESKTOP-FVKT4FL', ip: '192.168.0.33', os.name: 'Windows 10', os.arch: 'amd64', os.version: '10.0', java.version: '12.0.2'
Driver info: driver.version: ChromeDriver
remote stacktrace: Backtrace:
Ordinal0 [0x00AF1B43+1448771]
Ordinal0 [0x00A75A31+940593]
Ordinal0 [0x00A02293+467603]
Ordinal0 [0x0099F27E+62078]
Ordinal0 [0x0099BBBD+48061]
Ordinal0 [0x009B8D09+167177]
Ordinal0 [0x009B88DD+166109]
Ordinal0 [0x009B6FEB+159723]
Ordinal0 [0x009A09F6+68086]
Ordinal0 [0x009A1990+72080]
Ordinal0 [0x009A1929+71977]
GetHandleVerifier [0x00C32E8C+1172172]
GetHandleVerifier [0x00B8FE55+504469]
GetHandleVerifier [0x00B8FBF0+503856]
Ordinal0 [0x00AFC9C8+1493448]
GetHandleVerifier [0x00B9062A+506474]
Ordinal0 [0x00A87156+1012054]
Ordinal0 [0x00A86FCF+1011663]
Ordinal0 [0x00A9135B+1053531]
Ordinal0 [0x00A914C3+1053891]
Ordinal0 [0x00A904F5+1049845]
BaseThreadInitThunk [0x77596359+25]
RtlGetAppContainerNamedObjectPath [0x776D7B74+228]
RtlGetAppContainerNamedObjectPath [0x776D7B44+180]

at java.base/jdk.internal.reflect.NativeConstructorAccessorImpl.newInstance0(Native Method)
at java.base/jdk.internal.reflect.NativeConstructorAccessorImpl.newInstance(NativeConstructorAccessorImpl.java:62)
at java.base/jdk.internal.reflect.DelegatingConstructorAccessorImpl.newInstance(DelegatingConstructorAccessorImpl.java:45)
at java.base/java.lang.reflect.Constructor.newInstanceWithCaller(Constructor.java:500)
at java.base/java.lang.reflect.Constructor.newInstance(Constructor.java:481)
at org.openqa.selenium.remote.W3CHandshakeResponse.lambda$errorHandler$0(W3CHandshakeResponse.java:62)
at org.openqa.selenium.remote.HandshakeResponse.lambda$getResponseFunction$0(HandshakeResponse.java:30)
at org.openqa.selenium.remote.ProtocolHandshake.lambda$createSession$0(ProtocolHandshake.java:126)
at java.base/java.util.stream.ReferencePipeline$3$1.accept(ReferencePipeline.java:195)
at java.base/java.util.Spliterators$ArraySpliterator.tryAdvance(Spliterators.java:958)
at java.base/java.util.stream.ReferencePipeline.forEachWithCancel(ReferencePipeline.java:127)
at java.base/java.util.stream.AbstractPipeline.copyIntoWithCancel(AbstractPipeline.java:502)
at java.base/java.util.stream.AbstractPipeline.copyInto(AbstractPipeline.java:488)
at java.base/java.util.stream.AbstractPipeline.wrapAndCopyInto(AbstractPipeline.java:474)
at java.base/java.util.stream.FindOps$FindOp.evaluateSequential(FindOps.java:150)
at java.base/java.util.stream.AbstractPipeline.evaluate(AbstractPipeline.java:234)
at java.base/java.util.stream.ReferencePipeline.findFirst(ReferencePipeline.java:543)
at org.openqa.selenium.remote.ProtocolHandshake.createSession(ProtocolHandshake.java:128)
at org.openqa.selenium.remote.ProtocolHandshake.createSession(ProtocolHandshake.java:74)
at org.openqa.selenium.remote.HttpCommandExecutor.execute(HttpCommandExecutor.java:136)
at org.openqa.selenium.remote.service.DriverCommandExecutor.execute(DriverCommandExecutor.java:83)
at org.openqa.selenium.remote.RemoteWebDriver.execute(RemoteWebDriver.java:552)
at org.openqa.selenium.remote.RemoteWebDriver.startSession(RemoteWebDriver.java:213)
at org.openqa.selenium.remote.RemoteWebDriver.<init>(RemoteWebDriver.java:131)
at org.openqa.selenium.chrome.ChromeDriver.<init>(ChromeDriver.java:181)
at org.openqa.selenium.chrome.ChromeDriver.<init>(ChromeDriver.java:168)
at org.openqa.selenium.chrome.ChromeDriver.<init>(ChromeDriver.java:123)
at com.crm.qa.base.TestBase.initialization(TestBase.java:54)
at com.crm.qa.testcases.ContactsPageTest.Setup(ContactsPageTest.java:34)
at java.base/jdk.internal.reflect.NativeMethodAccessorImpl.invoke0(Native Method)
at java.base/jdk.internal.reflect.NativeMethodAccessorImpl.invoke(NativeMethodAccessorImpl.java:62)
at java.base/jdk.internal.reflect.DelegatingMethodAccessorImpl.invoke(DelegatingMethodAccessorImpl.java:43)
at java.base/java.lang.reflect.Method.invoke(Method.java:567)
at org.testng.internal.MethodInvocationHelper.invokeMethod(MethodInvocationHelper.java:133)
at org.testng.internal.MethodInvocationHelper.invokeMethodConsideringTimeout(MethodInvocationHelper.java:62)
at org.testng.internal.ConfigInvoker.invokeConfigurationMethod(ConfigInvoker.java:340)
at org.testng.internal.ConfigInvoker.invokeConfigurations(ConfigInvoker.java:294)
at org.testng.internal.TestInvoker.runConfigMethods(TestInvoker.java:683)
at org.testng.internal.TestInvoker.invokeMethod(TestInvoker.java:510)
at org.testng.internal.TestInvoker.invokeTestMethod(TestInvoker.java:172)
at org.testng.internal.MethodRunner.runInSequence(MethodRunner.java:46)
at org.testng.internal.TestInvoker$MethodInvocationAgent.invoke(TestInvoker.java:804)
at org.testng.internal.TestInvoker.invokeTestMethods(TestInvoker.java:145)
at org.testng.internal.TestMethodWorker.invokeTestMethods(TestMethodWorker.java:146)
at org.testng.internal.TestMethodWorker.run(TestMethodWorker.java:128)
at java.base/java.util.ArrayList.forEach(ArrayList.java:1540)
at org.testng.TestRunner.privateRun(TestRunner.java:770)
at org.testng.TestRunner.run(TestRunner.java:591)
at org.testng.SuiteRunner.runTest(SuiteRunner.java:402)
at org.testng.SuiteRunner.runSequentially(SuiteRunner.java:396)
at org.testng.SuiteRunner.privateRun(SuiteRunner.java:355)
at org.testng.SuiteRunner.run(SuiteRunner.java:304)
at org.testng.SuiteRunnerWorker.runSuite(SuiteRunnerWorker.java:53)
at org.testng.SuiteRunnerWorker.run(SuiteRunnerWorker.java:96)
at org.testng.TestNG.runSuitesSequentially(TestNG.java:1180)
at org.testng.TestNG.runSuitesLocally(TestNG.java:1102)
at org.testng.TestNG.runSuites(TestNG.java:1032)
at org.testng.TestNG.run(TestNG.java:1000)
at org.testng.remote.AbstractRemoteTestNG.run(AbstractRemoteTestNG.java:115)
at org.testng.remote.RemoteTestNG.initAndRun(RemoteTestNG.java:251)
at org.testng.remote.RemoteTestNG.main(RemoteTestNG.java:77)
]]>
    </error>
  </testcase> <!-- Setup -->
  <testcase classname="com.crm.qa.testcases.ContactsPageTest" name="ContactsLabelTest" time="0.000">
    <skipped/>
  </testcase> <!-- ContactsLabelTest -->
  <testcase classname="com.crm.qa.testcases.ContactsPageTest" name="SelectContactsTest" time="0.000">
    <skipped/>
  </testcase> <!-- SelectContactsTest -->
</testsuite> <!-- com.crm.qa.testcases.ContactsPageTest -->
